<?xml version="1.0" encoding="UTF-8"?>
<!-- Generated by org.testng.reporters.JUnitReportReporter -->
<testsuite hostname="LAPTOP-UH8RU0OH" failures="0" tests="1" name="JenkinsLogin.Firstlogin" time="42.465" errors="0" timestamp="2021-11-07T23:06:59 IST" skipped="0">
  <testcase classname="JenkinsLogin.Firstlogin" name="login" time="42.465"/>
  <system-out/>
</testsuite> <!-- JenkinsLogin.Firstlogin -->
